<?xml version="1.0" encoding="UTF-8" ?>
<testsuite failures="0" time="0.509" errors="0" skipped="0" tests="3" name="abacus.search.facets.DocValuesWrapperTest">
  <properties>
    <property name="java.runtime.name" value="Java(TM) SE Runtime Environment"/>
    <property name="sun.boot.library.path" value="/Library/Java/JavaVirtualMachines/jdk1.7.0_08.jdk/Contents/Home/jre/lib"/>
    <property name="java.vm.version" value="23.2-b09"/>
    <property name="gopherProxySet" value="false"/>
    <property name="java.vm.vendor" value="Oracle Corporation"/>
    <property name="java.vendor.url" value="http://java.oracle.com/"/>
    <property name="path.separator" value=":"/>
    <property name="java.vm.name" value="Java HotSpot(TM) 64-Bit Server VM"/>
    <property name="file.encoding.pkg" value="sun.io"/>
    <property name="user.country" value="US"/>
    <property name="sun.java.launcher" value="SUN_STANDARD"/>
    <property name="sun.os.patch.level" value="unknown"/>
    <property name="java.vm.specification.name" value="Java Virtual Machine Specification"/>
    <property name="user.dir" value="/Users/johnwang/github/abacus/abacus-core"/>
    <property name="java.runtime.version" value="1.7.0_08-ea-b03"/>
    <property name="java.awt.graphicsenv" value="sun.awt.CGraphicsEnvironment"/>
    <property name="basedir" value="/Users/johnwang/github/abacus/abacus-core"/>
    <property name="java.endorsed.dirs" value="/Library/Java/JavaVirtualMachines/jdk1.7.0_08.jdk/Contents/Home/jre/lib/endorsed"/>
    <property name="os.arch" value="x86_64"/>
    <property name="surefire.real.class.path" value="/Users/johnwang/github/abacus/abacus-core/target/surefire/surefirebooter8038729496694677527.jar"/>
    <property name="java.io.tmpdir" value="/var/folders/d3/7gx9plw17xgfgdyqbfl7sn5h0000gp/T/"/>
    <property name="line.separator" value="
"/>
    <property name="java.vm.specification.vendor" value="Oracle Corporation"/>
    <property name="os.name" value="Mac OS X"/>
    <property name="sun.jnu.encoding" value="UTF-8"/>
    <property name="java.library.path" value="/Users/johnwang/Library/Java/Extensions:/Library/Java/Extensions:/Network/Library/Java/Extensions:/System/Library/Java/Extensions:/usr/lib/java:."/>
    <property name="surefire.test.class.path" value="/Users/johnwang/github/abacus/abacus-core/target/test-classes:/Users/johnwang/github/abacus/abacus-core/target/classes:/Users/johnwang/.m2/repository/org/apache/lucene/lucene-core/4.7-SNAPSHOT/lucene-core-4.7-SNAPSHOT.jar:/Users/johnwang/.m2/repository/org/apache/lucene/lucene-codecs/4.7-SNAPSHOT/lucene-codecs-4.7-SNAPSHOT.jar:/Users/johnwang/.m2/repository/org/apache/lucene/lucene-queries/4.7-SNAPSHOT/lucene-queries-4.7-SNAPSHOT.jar:/Users/johnwang/.m2/repository/org/apache/lucene/lucene-queryparser/4.7-SNAPSHOT/lucene-queryparser-4.7-SNAPSHOT.jar:/Users/johnwang/.m2/repository/org/apache/lucene/lucene-sandbox/4.7-SNAPSHOT/lucene-sandbox-4.7-SNAPSHOT.jar:/Users/johnwang/.m2/repository/org/apache/lucene/lucene-facet/4.7-SNAPSHOT/lucene-facet-4.7-SNAPSHOT.jar:/Users/johnwang/.m2/repository/org/apache/lucene/lucene-analyzers-common/4.7-SNAPSHOT/lucene-analyzers-common-4.7-SNAPSHOT.jar:/Users/johnwang/.m2/repository/it/unimi/dsi/fastutil/6.4.4/fastutil-6.4.4.jar:/Users/johnwang/.m2/repository/org/json/json/20080701/json-20080701.jar:/Users/johnwang/.m2/repository/org/slf4j/slf4j-api/1.7.5/slf4j-api-1.7.5.jar:/Users/johnwang/.m2/repository/junit/junit/4.5/junit-4.5.jar:"/>
    <property name="java.specification.name" value="Java Platform API Specification"/>
    <property name="java.class.version" value="51.0"/>
    <property name="sun.management.compiler" value="HotSpot 64-Bit Tiered Compilers"/>
    <property name="os.version" value="10.7.5"/>
    <property name="http.nonProxyHosts" value="local|*.local|169.254/16|*.169.254/16"/>
    <property name="user.home" value="/Users/johnwang"/>
    <property name="user.timezone" value=""/>
    <property name="java.awt.printerjob" value="sun.lwawt.macosx.CPrinterJob"/>
    <property name="java.specification.version" value="1.7"/>
    <property name="file.encoding" value="UTF-8"/>
    <property name="user.name" value="johnwang"/>
    <property name="java.class.path" value="/Users/johnwang/github/abacus/abacus-core/target/test-classes:/Users/johnwang/github/abacus/abacus-core/target/classes:/Users/johnwang/.m2/repository/org/apache/lucene/lucene-core/4.7-SNAPSHOT/lucene-core-4.7-SNAPSHOT.jar:/Users/johnwang/.m2/repository/org/apache/lucene/lucene-codecs/4.7-SNAPSHOT/lucene-codecs-4.7-SNAPSHOT.jar:/Users/johnwang/.m2/repository/org/apache/lucene/lucene-queries/4.7-SNAPSHOT/lucene-queries-4.7-SNAPSHOT.jar:/Users/johnwang/.m2/repository/org/apache/lucene/lucene-queryparser/4.7-SNAPSHOT/lucene-queryparser-4.7-SNAPSHOT.jar:/Users/johnwang/.m2/repository/org/apache/lucene/lucene-sandbox/4.7-SNAPSHOT/lucene-sandbox-4.7-SNAPSHOT.jar:/Users/johnwang/.m2/repository/org/apache/lucene/lucene-facet/4.7-SNAPSHOT/lucene-facet-4.7-SNAPSHOT.jar:/Users/johnwang/.m2/repository/org/apache/lucene/lucene-analyzers-common/4.7-SNAPSHOT/lucene-analyzers-common-4.7-SNAPSHOT.jar:/Users/johnwang/.m2/repository/it/unimi/dsi/fastutil/6.4.4/fastutil-6.4.4.jar:/Users/johnwang/.m2/repository/org/json/json/20080701/json-20080701.jar:/Users/johnwang/.m2/repository/org/slf4j/slf4j-api/1.7.5/slf4j-api-1.7.5.jar:/Users/johnwang/.m2/repository/junit/junit/4.5/junit-4.5.jar:"/>
    <property name="java.vm.specification.version" value="1.7"/>
    <property name="sun.arch.data.model" value="64"/>
    <property name="java.home" value="/Library/Java/JavaVirtualMachines/jdk1.7.0_08.jdk/Contents/Home/jre"/>
    <property name="sun.java.command" value="/Users/johnwang/github/abacus/abacus-core/target/surefire/surefirebooter8038729496694677527.jar /Users/johnwang/github/abacus/abacus-core/target/surefire/surefire1275205799166974769tmp /Users/johnwang/github/abacus/abacus-core/target/surefire/surefire1778322957878875319tmp"/>
    <property name="java.specification.vendor" value="Oracle Corporation"/>
    <property name="user.language" value="en"/>
    <property name="awt.toolkit" value="sun.lwawt.macosx.LWCToolkit"/>
    <property name="java.vm.info" value="mixed mode"/>
    <property name="java.version" value="1.7.0_08-ea"/>
    <property name="java.ext.dirs" value="/Users/johnwang/Library/Java/Extensions:/Library/Java/JavaVirtualMachines/jdk1.7.0_08.jdk/Contents/Home/jre/lib/ext:/Library/Java/Extensions:/Network/Library/Java/Extensions:/System/Library/Java/Extensions:/usr/lib/java"/>
    <property name="sun.boot.class.path" value="/Library/Java/JavaVirtualMachines/jdk1.7.0_08.jdk/Contents/Home/jre/lib/resources.jar:/Library/Java/JavaVirtualMachines/jdk1.7.0_08.jdk/Contents/Home/jre/lib/rt.jar:/Library/Java/JavaVirtualMachines/jdk1.7.0_08.jdk/Contents/Home/jre/lib/sunrsasign.jar:/Library/Java/JavaVirtualMachines/jdk1.7.0_08.jdk/Contents/Home/jre/lib/jsse.jar:/Library/Java/JavaVirtualMachines/jdk1.7.0_08.jdk/Contents/Home/jre/lib/jce.jar:/Library/Java/JavaVirtualMachines/jdk1.7.0_08.jdk/Contents/Home/jre/lib/charsets.jar:/Library/Java/JavaVirtualMachines/jdk1.7.0_08.jdk/Contents/Home/jre/lib/jfr.jar:/Library/Java/JavaVirtualMachines/jdk1.7.0_08.jdk/Contents/Home/jre/lib/JObjC.jar:/Library/Java/JavaVirtualMachines/jdk1.7.0_08.jdk/Contents/Home/jre/classes"/>
    <property name="java.vendor" value="Oracle Corporation"/>
    <property name="localRepository" value="/Users/johnwang/.m2/repository"/>
    <property name="file.separator" value="/"/>
    <property name="java.vendor.url.bug" value="http://bugreport.sun.com/bugreport/"/>
    <property name="sun.cpu.endian" value="little"/>
    <property name="sun.io.unicode.encoding" value="UnicodeBig"/>
    <property name="socksNonProxyHosts" value="local|*.local|169.254/16|*.169.254/16"/>
    <property name="ftp.nonProxyHosts" value="local|*.local|169.254/16|*.169.254/16"/>
    <property name="sun.cpu.isalist" value=""/>
  </properties>
  <testcase time="0.01" classname="abacus.search.facets.DocValuesWrapperTest" name="testNumericDocValues"/>
  <testcase time="0.007" classname="abacus.search.facets.DocValuesWrapperTest" name="testSortedDocValues"/>
  <testcase time="0.013" classname="abacus.search.facets.DocValuesWrapperTest" name="testSortedSetDocValues"/>
</testsuite>